<?xml version="1.0" encoding="UTF-8"?>
<testng-results ignored="0" total="1" passed="1" failed="0" skipped="0">
  <reporter-output>
  </reporter-output>
  <suite started-at="2019-08-28T02:49:47Z" name="Default suite" finished-at="2019-08-28T02:50:07Z" duration-ms="20240">
    <groups>
    </groups>
    <test started-at="2019-08-28T02:49:47Z" name="Default test" finished-at="2019-08-28T02:50:07Z" duration-ms="20240">
      <class name="naukri.ResumeUpload">
        <test-method signature="resumeUploadIntoNaukri()[pri:0, instance:naukri.ResumeUpload@75f32542]" started-at="2019-08-28T02:49:47Z" name="resumeUploadIntoNaukri" finished-at="2019-08-28T02:50:07Z" duration-ms="20215" status="PASS">
          <reporter-output>
          </reporter-output>
        </test-method> <!-- resumeUploadIntoNaukri -->
      </class> <!-- naukri.ResumeUpload -->
    </test> <!-- Default test -->
  </suite> <!-- Default suite -->
</testng-results>
